{"ts":"2026-03-18T02:54:19.947Z","level":"info","msg":"service started","poll_ms":60000,"max_concurrent":5,"runner":"pi -p --no-session"}
{"ts":"2026-03-18T02:54:30.728Z","level":"info","msg":"tick","candidates":1,"running":0}
{"ts":"2026-03-18T02:54:30.728Z","level":"info","msg":"dispatching","issue_id":"symphony-beads-7aa","title":"Write a hello world script","attempt":0}
{"ts":"2026-03-18T02:54:30.728Z","level":"info","msg":"dispatched","count":1}
{"ts":"2026-03-18T02:54:30.729Z","level":"debug","msg":"spawning agent","issueId":"symphony-beads-7aa","command":"pi -p --no-session","cwd":"/home/var/symphony-beads/workspaces/symphony-beads-7aa"}
{"ts":"2026-03-18T03:18:12.177Z","level":"info","msg":"removing stale lock file","pid":1150399,"lock":"/home/var/symphony-beads/.symphony.lock"}
{"ts":"2026-03-18T03:18:12.179Z","level":"info","msg":"watching workflow file for changes","path":"/home/var/symphony-beads/WORKFLOW.md","mode":"fs.watch"}
{"ts":"2026-03-18T03:18:12.179Z","level":"info","msg":"service started","poll_ms":30000,"max_concurrent":5,"runner":"pi -p --no-session"}
{"ts":"2026-03-18T03:18:12.218Z","level":"info","msg":"tick","candidates":1,"running":0}
{"ts":"2026-03-18T03:18:12.218Z","level":"info","msg":"dispatching","issue_id":"symphony-beads-p00","title":"Add a LICENSE file with MIT license","attempt":0}
{"ts":"2026-03-18T03:18:12.218Z","level":"info","msg":"dispatched","count":1}
{"ts":"2026-03-18T03:18:12.219Z","level":"debug","msg":"running hook","hook":"after_create","cwd":"/home/var/symphony-beads/workspaces/symphony-beads-p00"}
{"ts":"2026-03-18T03:18:12.307Z","level":"debug","msg":"running hook","hook":"before_run","cwd":"/home/var/symphony-beads/workspaces/symphony-beads-p00"}
{"ts":"2026-03-18T03:18:13.054Z","level":"debug","msg":"spawning agent","issueId":"symphony-beads-p00","command":"pi -p --no-session","cwd":"/home/var/symphony-beads/workspaces/symphony-beads-p00"}
{"ts":"2026-03-18T03:18:42.256Z","level":"info","msg":"tick","candidates":0,"running":1}
{"ts":"2026-03-18T03:18:52.107Z","level":"info","msg":"agent completed","issue_id":"symphony-beads-p00","elapsed_s":39.889}
{"ts":"2026-03-18T03:18:52.107Z","level":"debug","msg":"retry scheduled","issue_id":"symphony-beads-p00","attempt":1,"delay_ms":1000,"error":null}
{"ts":"2026-03-18T03:18:53.129Z","level":"debug","msg":"retry: issue gone, releasing claim","issue_id":"symphony-beads-p00"}
{"ts":"2026-03-18T03:19:12.276Z","level":"info","msg":"tick","candidates":0,"running":0}
{"ts":"2026-03-18T03:19:42.295Z","level":"info","msg":"tick","candidates":0,"running":0}
{"ts":"2026-03-18T03:20:12.316Z","level":"info","msg":"tick","candidates":0,"running":0}
{"ts":"2026-03-18T03:20:42.337Z","level":"info","msg":"tick","candidates":0,"running":0}
{"ts":"2026-03-18T03:21:12.357Z","level":"info","msg":"tick","candidates":0,"running":0}
{"ts":"2026-03-18T03:21:42.377Z","level":"info","msg":"tick","candidates":0,"running":0}
{"ts":"2026-03-18T03:22:12.398Z","level":"info","msg":"tick","candidates":0,"running":0}
{"ts":"2026-03-18T03:22:42.418Z","level":"info","msg":"tick","candidates":0,"running":0}
{"ts":"2026-03-18T03:23:12.439Z","level":"info","msg":"tick","candidates":0,"running":0}
{"ts":"2026-03-18T03:23:29.513Z","level":"info","msg":"removing stale lock file","pid":1157359,"lock":"/home/var/symphony-beads/.symphony.lock"}
{"ts":"2026-03-18T03:23:29.515Z","level":"info","msg":"watching workflow file for changes","path":"/home/var/symphony-beads/WORKFLOW.md","mode":"fs.watch"}
{"ts":"2026-03-18T03:23:29.515Z","level":"info","msg":"pr monitor started","interval_ms":30000}
{"ts":"2026-03-18T03:23:29.517Z","level":"info","msg":"service started","poll_ms":30000,"max_concurrent":5,"runner":"pi -p --no-session"}
{"ts":"2026-03-18T03:23:29.556Z","level":"info","msg":"tick","candidates":0,"running":0}
{"ts":"2026-03-18T03:23:59.576Z","level":"info","msg":"tick","candidates":0,"running":0}
{"ts":"2026-03-18T03:23:59.969Z","level":"info","msg":"pr merged, closing issue","pr":2,"issue_id":"symphony-beads-p00"}
{"ts":"2026-03-18T03:24:29.593Z","level":"info","msg":"tick","candidates":0,"running":0}
{"ts":"2026-03-18T03:24:29.954Z","level":"info","msg":"pr merged, closing issue","pr":2,"issue_id":"symphony-beads-p00"}
{"ts":"2026-03-18T03:24:59.609Z","level":"info","msg":"tick","candidates":0,"running":0}
{"ts":"2026-03-18T03:24:59.951Z","level":"info","msg":"pr merged, closing issue","pr":2,"issue_id":"symphony-beads-p00"}
{"ts":"2026-03-18T03:25:29.626Z","level":"info","msg":"tick","candidates":0,"running":0}
{"ts":"2026-03-18T03:25:29.950Z","level":"info","msg":"pr merged, closing issue","pr":2,"issue_id":"symphony-beads-p00"}
{"ts":"2026-03-18T03:25:59.643Z","level":"info","msg":"tick","candidates":0,"running":0}
{"ts":"2026-03-18T03:26:00.245Z","level":"info","msg":"pr merged, closing issue","pr":2,"issue_id":"symphony-beads-p00"}
{"ts":"2026-03-18T03:26:29.659Z","level":"info","msg":"tick","candidates":0,"running":0}
{"ts":"2026-03-18T03:26:29.992Z","level":"info","msg":"pr merged, closing issue","pr":2,"issue_id":"symphony-beads-p00"}
{"ts":"2026-03-18T03:26:59.680Z","level":"info","msg":"tick","candidates":1,"running":0}
{"ts":"2026-03-18T03:26:59.681Z","level":"info","msg":"dispatching","issue_id":"symphony-beads-f19","title":"Include PR review comments in rework prompt when agent is re-dispatched","attempt":0}
{"ts":"2026-03-18T03:26:59.681Z","level":"info","msg":"dispatched","count":1}
{"ts":"2026-03-18T03:26:59.681Z","level":"debug","msg":"running hook","hook":"after_create","cwd":"/home/var/symphony-beads/workspaces/symphony-beads-f19"}
{"ts":"2026-03-18T03:26:59.737Z","level":"debug","msg":"running hook","hook":"before_run","cwd":"/home/var/symphony-beads/workspaces/symphony-beads-f19"}
{"ts":"2026-03-18T03:26:59.980Z","level":"info","msg":"pr merged, closing issue","pr":2,"issue_id":"symphony-beads-p00"}
{"ts":"2026-03-18T03:27:00.493Z","level":"debug","msg":"spawning agent","issueId":"symphony-beads-f19","command":"pi -p --no-session","cwd":"/home/var/symphony-beads/workspaces/symphony-beads-f19"}
{"ts":"2026-03-18T03:27:29.719Z","level":"info","msg":"tick","candidates":1,"running":1}
{"ts":"2026-03-18T03:27:29.979Z","level":"info","msg":"pr merged, closing issue","pr":2,"issue_id":"symphony-beads-p00"}
{"ts":"2026-03-18T03:27:59.756Z","level":"info","msg":"tick","candidates":1,"running":1}
{"ts":"2026-03-18T03:27:59.962Z","level":"info","msg":"pr merged, closing issue","pr":2,"issue_id":"symphony-beads-p00"}
{"ts":"2026-03-18T03:28:29.794Z","level":"info","msg":"tick","candidates":1,"running":1}
{"ts":"2026-03-18T03:28:29.999Z","level":"info","msg":"pr merged, closing issue","pr":2,"issue_id":"symphony-beads-p00"}
{"ts":"2026-03-18T03:28:59.832Z","level":"info","msg":"tick","candidates":1,"running":1}
{"ts":"2026-03-18T03:28:59.949Z","level":"info","msg":"pr merged, closing issue","pr":2,"issue_id":"symphony-beads-p00"}
{"ts":"2026-03-18T03:29:24.904Z","level":"info","msg":"workflow file changed, reloading config"}
{"ts":"2026-03-18T03:29:24.904Z","level":"info","msg":"orchestrator config hot-reloaded"}
{"ts":"2026-03-18T03:29:24.904Z","level":"info","msg":"workflow config reloaded successfully","poll_ms":30000,"max_concurrent":5,"runner":"pi -p --no-session"}
{"ts":"2026-03-18T03:29:29.869Z","level":"info","msg":"tick","candidates":1,"running":1}
{"ts":"2026-03-18T03:29:29.925Z","level":"info","msg":"pr merged, closing issue","pr":2,"issue_id":"symphony-beads-p00"}
{"ts":"2026-03-18T03:29:30.909Z","level":"info","msg":"workflow file changed, reloading config"}
{"ts":"2026-03-18T03:29:30.909Z","level":"info","msg":"orchestrator config hot-reloaded"}
{"ts":"2026-03-18T03:29:30.909Z","level":"info","msg":"workflow config reloaded successfully","poll_ms":30000,"max_concurrent":5,"runner":"pi -p --no-session"}
